Classic Timing Analyzer report for BinCntr
Wed Sep 27 09:53:45 2023
Quartus II Version 8.1 Build 163 10/28/2008 SJ Full Version


---------------------
; Table of Contents ;
---------------------
  1. Legal Notice
  2. Timing Analyzer Summary
  3. Timing Analyzer Settings
  4. Clock Settings Summary
  5. Clock Setup: 'clk'
  6. tco
  7. Timing Analyzer Messages



----------------
; Legal Notice ;
----------------
Copyright (C) 1991-2008 Altera Corporation
Your use of Altera Corporation's design tools, logic functions 
and other software and tools, and its AMPP partner logic 
functions, and any output files from any of the foregoing 
(including device programming or simulation files), and any 
associated documentation or information are expressly subject 
to the terms and conditions of the Altera Program License 
Subscription Agreement, Altera MegaCore Function License 
Agreement, or other applicable license agreement, including, 
without limitation, that your use is for the sole purpose of 
programming logic devices manufactured by Altera and sold by 
Altera or its authorized distributors.  Please refer to the 
applicable agreement for further details.



+------------------------------------------------------------------------------------------------------------------------------------------------------------------------------+
; Timing Analyzer Summary                                                                                                                                                      ;
+------------------------------+-------+---------------+------------------------------------------------+---------------+---------------+------------+----------+--------------+
; Type                         ; Slack ; Required Time ; Actual Time                                    ; From          ; To            ; From Clock ; To Clock ; Failed Paths ;
+------------------------------+-------+---------------+------------------------------------------------+---------------+---------------+------------+----------+--------------+
; Worst-case tco               ; N/A   ; None          ; 9.609 ns                                       ; Trig_Array[7] ; q[7]          ; clk        ; --       ; 0            ;
; Clock Setup: 'clk'           ; N/A   ; None          ; Restricted to 816.99 MHz ( period = 1.224 ns ) ; Trig_Array[7] ; Trig_Array[7] ; clk        ; clk      ; 0            ;
; Total number of failed paths ;       ;               ;                                                ;               ;               ;            ;          ; 0            ;
+------------------------------+-------+---------------+------------------------------------------------+---------------+---------------+------------+----------+--------------+


+--------------------------------------------------------------------------------------------------------------------+
; Timing Analyzer Settings                                                                                           ;
+---------------------------------------------------------------------+--------------------+------+----+-------------+
; Option                                                              ; Setting            ; From ; To ; Entity Name ;
+---------------------------------------------------------------------+--------------------+------+----+-------------+
; Device Name                                                         ; EP2S15F484C3       ;      ;    ;             ;
; Timing Models                                                       ; Final              ;      ;    ;             ;
; Default hold multicycle                                             ; Same as Multicycle ;      ;    ;             ;
; Cut paths between unrelated clock domains                           ; On                 ;      ;    ;             ;
; Cut off read during write signal paths                              ; On                 ;      ;    ;             ;
; Cut off feedback from I/O pins                                      ; On                 ;      ;    ;             ;
; Report Combined Fast/Slow Timing                                    ; Off                ;      ;    ;             ;
; Ignore Clock Settings                                               ; Off                ;      ;    ;             ;
; Analyze latches as synchronous elements                             ; On                 ;      ;    ;             ;
; Enable Recovery/Removal analysis                                    ; Off                ;      ;    ;             ;
; Enable Clock Latency                                                ; Off                ;      ;    ;             ;
; Use TimeQuest Timing Analyzer                                       ; Off                ;      ;    ;             ;
; Number of source nodes to report per destination node               ; 10                 ;      ;    ;             ;
; Number of destination nodes to report                               ; 10                 ;      ;    ;             ;
; Number of paths to report                                           ; 200                ;      ;    ;             ;
; Report Minimum Timing Checks                                        ; Off                ;      ;    ;             ;
; Use Fast Timing Models                                              ; Off                ;      ;    ;             ;
; Report IO Paths Separately                                          ; Off                ;      ;    ;             ;
; Perform Multicorner Analysis                                        ; On                 ;      ;    ;             ;
; Reports the worst-case path for each clock domain and analysis      ; Off                ;      ;    ;             ;
; Removes common clock path pessimism (CCPP) during slack computation ; Off                ;      ;    ;             ;
; Output I/O Timing Endpoint                                          ; Near End           ;      ;    ;             ;
+---------------------------------------------------------------------+--------------------+------+----+-------------+


+------------------------------------------------------------------------------------------------------------------------------------------------------------------------------------+
; Clock Settings Summary                                                                                                                                                             ;
+-----------------+--------------------+----------+------------------+---------------+--------------+----------+-----------------------+---------------------+--------+--------------+
; Clock Node Name ; Clock Setting Name ; Type     ; Fmax Requirement ; Early Latency ; Late Latency ; Based on ; Multiply Base Fmax by ; Divide Base Fmax by ; Offset ; Phase offset ;
+-----------------+--------------------+----------+------------------+---------------+--------------+----------+-----------------------+---------------------+--------+--------------+
; clk             ;                    ; User Pin ; None             ; 0.000 ns      ; 0.000 ns     ; --       ; N/A                   ; N/A                 ; N/A    ;              ;
+-----------------+--------------------+----------+------------------+---------------+--------------+----------+-----------------------+---------------------+--------+--------------+


+----------------------------------------------------------------------------------------------------------------------------------------------------------------------------------------------------+
; Clock Setup: 'clk'                                                                                                                                                                                 ;
+-------+------------------------------------------------+---------------+---------------+------------+----------+-----------------------------+---------------------------+-------------------------+
; Slack ; Actual fmax (period)                           ; From          ; To            ; From Clock ; To Clock ; Required Setup Relationship ; Required Longest P2P Time ; Actual Longest P2P Time ;
+-------+------------------------------------------------+---------------+---------------+------------+----------+-----------------------------+---------------------------+-------------------------+
; N/A   ; Restricted to 816.99 MHz ( period = 1.224 ns ) ; Trig_Array[0] ; Trig_Array[0] ; clk        ; clk      ; None                        ; None                      ; 0.396 ns                ;
; N/A   ; Restricted to 816.99 MHz ( period = 1.224 ns ) ; Trig_Array[1] ; Trig_Array[1] ; clk        ; clk      ; None                        ; None                      ; 0.396 ns                ;
; N/A   ; Restricted to 816.99 MHz ( period = 1.224 ns ) ; Trig_Array[2] ; Trig_Array[2] ; clk        ; clk      ; None                        ; None                      ; 0.396 ns                ;
; N/A   ; Restricted to 816.99 MHz ( period = 1.224 ns ) ; Trig_Array[3] ; Trig_Array[3] ; clk        ; clk      ; None                        ; None                      ; 0.396 ns                ;
; N/A   ; Restricted to 816.99 MHz ( period = 1.224 ns ) ; Trig_Array[4] ; Trig_Array[4] ; clk        ; clk      ; None                        ; None                      ; 0.396 ns                ;
; N/A   ; Restricted to 816.99 MHz ( period = 1.224 ns ) ; Trig_Array[5] ; Trig_Array[5] ; clk        ; clk      ; None                        ; None                      ; 0.396 ns                ;
; N/A   ; Restricted to 816.99 MHz ( period = 1.224 ns ) ; Trig_Array[6] ; Trig_Array[6] ; clk        ; clk      ; None                        ; None                      ; 0.396 ns                ;
; N/A   ; Restricted to 816.99 MHz ( period = 1.224 ns ) ; Trig_Array[7] ; Trig_Array[7] ; clk        ; clk      ; None                        ; None                      ; 0.396 ns                ;
+-------+------------------------------------------------+---------------+---------------+------------+----------+-----------------------------+---------------------------+-------------------------+


+-----------------------------------------------------------------------+
; tco                                                                   ;
+-------+--------------+------------+---------------+------+------------+
; Slack ; Required tco ; Actual tco ; From          ; To   ; From Clock ;
+-------+--------------+------------+---------------+------+------------+
; N/A   ; None         ; 9.609 ns   ; Trig_Array[7] ; q[7] ; clk        ;
; N/A   ; None         ; 8.760 ns   ; Trig_Array[6] ; q[6] ; clk        ;
; N/A   ; None         ; 7.853 ns   ; Trig_Array[5] ; q[5] ; clk        ;
; N/A   ; None         ; 5.968 ns   ; Trig_Array[4] ; q[4] ; clk        ;
; N/A   ; None         ; 4.989 ns   ; Trig_Array[3] ; q[3] ; clk        ;
; N/A   ; None         ; 4.167 ns   ; Trig_Array[2] ; q[2] ; clk        ;
; N/A   ; None         ; 3.192 ns   ; Trig_Array[1] ; q[1] ; clk        ;
; N/A   ; None         ; 1.775 ns   ; Trig_Array[0] ; q[0] ; clk        ;
+-------+--------------+------------+---------------+------+------------+


+--------------------------+
; Timing Analyzer Messages ;
+--------------------------+
Info: *******************************************************************
Info: Running Quartus II Classic Timing Analyzer
    Info: Version 8.1 Build 163 10/28/2008 SJ Full Version
    Info: Processing started: Wed Sep 27 09:53:45 2023
Info: Command: quartus_tan --read_settings_files=off --write_settings_files=off BinCntr -c BinCntr --timing_analysis_only
Info: Parallel compilation is enabled and will use 4 of the 16 processors detected
Warning: Found pins functioning as undefined clocks and/or memory enables
    Info: Assuming node "clk" is an undefined clock
Warning: Found 7 node(s) in clock paths which may be acting as ripple and/or gated clocks -- node(s) analyzed as buffer(s) resulting in clock skew
    Info: Detected ripple clock "Trig_Array[6]" as buffer
    Info: Detected ripple clock "Trig_Array[5]" as buffer
    Info: Detected ripple clock "Trig_Array[4]" as buffer
    Info: Detected ripple clock "Trig_Array[3]" as buffer
    Info: Detected ripple clock "Trig_Array[2]" as buffer
    Info: Detected ripple clock "Trig_Array[1]" as buffer
    Info: Detected ripple clock "Trig_Array[0]" as buffer
Info: Clock "clk" Internal fmax is restricted to 816.99 MHz between source register "Trig_Array[0]" and destination register "Trig_Array[0]"
    Info: fmax restricted to Clock High delay (612 ps) plus Clock Low delay (612 ps) : restricted to 1.224 ns. Expand message to see actual delay path.
        Info: + Longest register to register delay is 0.396 ns
            Info: 1: + IC(0.000 ns) + CELL(0.000 ns) = 0.000 ns; Loc. = LCFF_X23_Y13_N1; Fanout = 3; REG Node = 'Trig_Array[0]'
            Info: 2: + IC(0.000 ns) + CELL(0.241 ns) = 0.241 ns; Loc. = LCCOMB_X23_Y13_N0; Fanout = 1; COMB Node = 'Trig_Array[0]~32'
            Info: 3: + IC(0.000 ns) + CELL(0.155 ns) = 0.396 ns; Loc. = LCFF_X23_Y13_N1; Fanout = 3; REG Node = 'Trig_Array[0]'
            Info: Total cell delay = 0.396 ns ( 100.00 % )
        Info: - Smallest clock skew is 0.000 ns
            Info: + Shortest clock path from clock "clk" to destination register is 1.143 ns
                Info: 1: + IC(0.000 ns) + CELL(0.000 ns) = 0.000 ns; Loc. = LCCOMB_X23_Y12_N16; Fanout = 1; CLK Node = 'clk'
                Info: 2: + IC(0.525 ns) + CELL(0.618 ns) = 1.143 ns; Loc. = LCFF_X23_Y13_N1; Fanout = 3; REG Node = 'Trig_Array[0]'
                Info: Total cell delay = 0.618 ns ( 54.07 % )
                Info: Total interconnect delay = 0.525 ns ( 45.93 % )
            Info: - Longest clock path from clock "clk" to source register is 1.143 ns
                Info: 1: + IC(0.000 ns) + CELL(0.000 ns) = 0.000 ns; Loc. = LCCOMB_X23_Y12_N16; Fanout = 1; CLK Node = 'clk'
                Info: 2: + IC(0.525 ns) + CELL(0.618 ns) = 1.143 ns; Loc. = LCFF_X23_Y13_N1; Fanout = 3; REG Node = 'Trig_Array[0]'
                Info: Total cell delay = 0.618 ns ( 54.07 % )
                Info: Total interconnect delay = 0.525 ns ( 45.93 % )
        Info: + Micro clock to output delay of source is 0.094 ns
        Info: + Micro setup delay of destination is 0.090 ns
Info: tco from clock "clk" to destination pin "q[7]" through register "Trig_Array[7]" is 9.609 ns
    Info: + Longest clock path from clock "clk" to source register is 8.949 ns
        Info: 1: + IC(0.000 ns) + CELL(0.000 ns) = 0.000 ns; Loc. = LCCOMB_X23_Y12_N16; Fanout = 1; CLK Node = 'clk'
        Info: 2: + IC(0.525 ns) + CELL(0.712 ns) = 1.237 ns; Loc. = LCFF_X23_Y13_N1; Fanout = 3; REG Node = 'Trig_Array[0]'
        Info: 3: + IC(0.770 ns) + CELL(0.712 ns) = 2.719 ns; Loc. = LCFF_X21_Y12_N17; Fanout = 3; REG Node = 'Trig_Array[1]'
        Info: 4: + IC(0.227 ns) + CELL(0.712 ns) = 3.658 ns; Loc. = LCFF_X21_Y12_N7; Fanout = 3; REG Node = 'Trig_Array[2]'
        Info: 5: + IC(0.318 ns) + CELL(0.712 ns) = 4.688 ns; Loc. = LCFF_X22_Y12_N17; Fanout = 3; REG Node = 'Trig_Array[3]'
        Info: 6: + IC(0.227 ns) + CELL(0.712 ns) = 5.627 ns; Loc. = LCFF_X22_Y12_N7; Fanout = 3; REG Node = 'Trig_Array[4]'
        Info: 7: + IC(0.737 ns) + CELL(0.712 ns) = 7.076 ns; Loc. = LCFF_X22_Y14_N17; Fanout = 3; REG Node = 'Trig_Array[5]'
        Info: 8: + IC(0.316 ns) + CELL(0.712 ns) = 8.104 ns; Loc. = LCFF_X23_Y14_N19; Fanout = 3; REG Node = 'Trig_Array[6]'
        Info: 9: + IC(0.227 ns) + CELL(0.618 ns) = 8.949 ns; Loc. = LCFF_X23_Y14_N23; Fanout = 2; REG Node = 'Trig_Array[7]'
        Info: Total cell delay = 5.602 ns ( 62.60 % )
        Info: Total interconnect delay = 3.347 ns ( 37.40 % )
    Info: + Micro clock to output delay of source is 0.094 ns
    Info: + Longest register to pin delay is 0.566 ns
        Info: 1: + IC(0.000 ns) + CELL(0.000 ns) = 0.000 ns; Loc. = LCFF_X23_Y14_N23; Fanout = 2; REG Node = 'Trig_Array[7]'
        Info: 2: + IC(0.566 ns) + CELL(0.000 ns) = 0.566 ns; Loc. = LCCOMB_X23_Y12_N14; Fanout = 0; PIN Node = 'q[7]'
        Info: Total interconnect delay = 0.566 ns ( 100.00 % )
Info: Parallel compilation was enabled but no parallel operations were performed
Info: Quartus II Classic Timing Analyzer was successful. 0 errors, 2 warnings
    Info: Peak virtual memory: 198 megabytes
    Info: Processing ended: Wed Sep 27 09:53:45 2023
    Info: Elapsed time: 00:00:00
    Info: Total CPU time (on all processors): 00:00:00


