Classic Timing Analyzer report for Clock
Wed Oct 18 10:56:40 2023
Quartus II Version 8.1 Build 163 10/28/2008 SJ Full Version


---------------------
; Table of Contents ;
---------------------
  1. Legal Notice
  2. Timing Analyzer Summary
  3. Timing Analyzer Settings
  4. Clock Settings Summary
  5. Clock Setup: 'clk'
  6. tco
  7. Timing Analyzer Messages



----------------
; Legal Notice ;
----------------
Copyright (C) 1991-2008 Altera Corporation
Your use of Altera Corporation's design tools, logic functions 
and other software and tools, and its AMPP partner logic 
functions, and any output files from any of the foregoing 
(including device programming or simulation files), and any 
associated documentation or information are expressly subject 
to the terms and conditions of the Altera Program License 
Subscription Agreement, Altera MegaCore Function License 
Agreement, or other applicable license agreement, including, 
without limitation, that your use is for the sole purpose of 
programming logic devices manufactured by Altera and sold by 
Altera or its authorized distributors.  Please refer to the 
applicable agreement for further details.



+------------------------------------------------------------------------------------------------------------------------------------------------------------------+
; Timing Analyzer Summary                                                                                                                                          ;
+------------------------------+-------+---------------+----------------------------------+----------------+----------------+------------+----------+--------------+
; Type                         ; Slack ; Required Time ; Actual Time                      ; From           ; To             ; From Clock ; To Clock ; Failed Paths ;
+------------------------------+-------+---------------+----------------------------------+----------------+----------------+------------+----------+--------------+
; Worst-case tco               ; N/A   ; None          ; 7.962 ns                         ; segm_0_cntr[2] ; segm_0[1]      ; clk        ; --       ; 0            ;
; Clock Setup: 'clk'           ; N/A   ; None          ; 190.01 MHz ( period = 5.263 ns ) ; presc_reg[15]  ; segm_0_cntr[3] ; clk        ; clk      ; 0            ;
; Total number of failed paths ;       ;               ;                                  ;                ;                ;            ;          ; 0            ;
+------------------------------+-------+---------------+----------------------------------+----------------+----------------+------------+----------+--------------+


+--------------------------------------------------------------------------------------------------------------------+
; Timing Analyzer Settings                                                                                           ;
+---------------------------------------------------------------------+--------------------+------+----+-------------+
; Option                                                              ; Setting            ; From ; To ; Entity Name ;
+---------------------------------------------------------------------+--------------------+------+----+-------------+
; Device Name                                                         ; EP2C20F484C7       ;      ;    ;             ;
; Timing Models                                                       ; Final              ;      ;    ;             ;
; Default hold multicycle                                             ; Same as Multicycle ;      ;    ;             ;
; Cut paths between unrelated clock domains                           ; On                 ;      ;    ;             ;
; Cut off read during write signal paths                              ; On                 ;      ;    ;             ;
; Cut off feedback from I/O pins                                      ; On                 ;      ;    ;             ;
; Report Combined Fast/Slow Timing                                    ; Off                ;      ;    ;             ;
; Ignore Clock Settings                                               ; Off                ;      ;    ;             ;
; Analyze latches as synchronous elements                             ; On                 ;      ;    ;             ;
; Enable Recovery/Removal analysis                                    ; Off                ;      ;    ;             ;
; Enable Clock Latency                                                ; Off                ;      ;    ;             ;
; Use TimeQuest Timing Analyzer                                       ; Off                ;      ;    ;             ;
; Minimum Core Junction Temperature                                   ; 0                  ;      ;    ;             ;
; Maximum Core Junction Temperature                                   ; 85                 ;      ;    ;             ;
; Number of source nodes to report per destination node               ; 10                 ;      ;    ;             ;
; Number of destination nodes to report                               ; 10                 ;      ;    ;             ;
; Number of paths to report                                           ; 200                ;      ;    ;             ;
; Report Minimum Timing Checks                                        ; Off                ;      ;    ;             ;
; Use Fast Timing Models                                              ; Off                ;      ;    ;             ;
; Report IO Paths Separately                                          ; Off                ;      ;    ;             ;
; Perform Multicorner Analysis                                        ; On                 ;      ;    ;             ;
; Reports the worst-case path for each clock domain and analysis      ; Off                ;      ;    ;             ;
; Removes common clock path pessimism (CCPP) during slack computation ; Off                ;      ;    ;             ;
; Output I/O Timing Endpoint                                          ; Near End           ;      ;    ;             ;
+---------------------------------------------------------------------+--------------------+------+----+-------------+


+------------------------------------------------------------------------------------------------------------------------------------------------------------------------------------+
; Clock Settings Summary                                                                                                                                                             ;
+-----------------+--------------------+----------+------------------+---------------+--------------+----------+-----------------------+---------------------+--------+--------------+
; Clock Node Name ; Clock Setting Name ; Type     ; Fmax Requirement ; Early Latency ; Late Latency ; Based on ; Multiply Base Fmax by ; Divide Base Fmax by ; Offset ; Phase offset ;
+-----------------+--------------------+----------+------------------+---------------+--------------+----------+-----------------------+---------------------+--------+--------------+
; clk             ;                    ; User Pin ; None             ; 0.000 ns      ; 0.000 ns     ; --       ; N/A                   ; N/A                 ; N/A    ;              ;
+-----------------+--------------------+----------+------------------+---------------+--------------+----------+-----------------------+---------------------+--------+--------------+


+--------------------------------------------------------------------------------------------------------------------------------------------------------------------------------------------------------------------------------------------+
; Clock Setup: 'clk'                                                                                                                                                                                                                         ;
+-----------------------------------------+-----------------------------------------------------+---------------+----------------+------------+----------+-----------------------------+---------------------------+-------------------------+
; Slack                                   ; Actual fmax (period)                                ; From          ; To             ; From Clock ; To Clock ; Required Setup Relationship ; Required Longest P2P Time ; Actual Longest P2P Time ;
+-----------------------------------------+-----------------------------------------------------+---------------+----------------+------------+----------+-----------------------------+---------------------------+-------------------------+
; N/A                                     ; 190.01 MHz ( period = 5.263 ns )                    ; presc_reg[15] ; segm_0_cntr[0] ; clk        ; clk      ; None                        ; None                      ; 5.019 ns                ;
; N/A                                     ; 190.01 MHz ( period = 5.263 ns )                    ; presc_reg[15] ; segm_0_cntr[2] ; clk        ; clk      ; None                        ; None                      ; 5.019 ns                ;
; N/A                                     ; 190.01 MHz ( period = 5.263 ns )                    ; presc_reg[15] ; segm_0_cntr[1] ; clk        ; clk      ; None                        ; None                      ; 5.019 ns                ;
; N/A                                     ; 190.01 MHz ( period = 5.263 ns )                    ; presc_reg[15] ; segm_0_cntr[3] ; clk        ; clk      ; None                        ; None                      ; 5.019 ns                ;
; N/A                                     ; 193.87 MHz ( period = 5.158 ns )                    ; presc_reg[15] ; presc_reg[11]  ; clk        ; clk      ; None                        ; None                      ; 4.927 ns                ;
; N/A                                     ; 193.87 MHz ( period = 5.158 ns )                    ; presc_reg[15] ; presc_reg[10]  ; clk        ; clk      ; None                        ; None                      ; 4.927 ns                ;
; N/A                                     ; 193.87 MHz ( period = 5.158 ns )                    ; presc_reg[15] ; presc_reg[9]   ; clk        ; clk      ; None                        ; None                      ; 4.927 ns                ;
; N/A                                     ; 193.87 MHz ( period = 5.158 ns )                    ; presc_reg[15] ; presc_reg[7]   ; clk        ; clk      ; None                        ; None                      ; 4.927 ns                ;
; N/A                                     ; 193.87 MHz ( period = 5.158 ns )                    ; presc_reg[15] ; presc_reg[8]   ; clk        ; clk      ; None                        ; None                      ; 4.927 ns                ;
; N/A                                     ; 193.87 MHz ( period = 5.158 ns )                    ; presc_reg[15] ; presc_reg[12]  ; clk        ; clk      ; None                        ; None                      ; 4.927 ns                ;
; N/A                                     ; 193.87 MHz ( period = 5.158 ns )                    ; presc_reg[15] ; presc_reg[6]   ; clk        ; clk      ; None                        ; None                      ; 4.927 ns                ;
; N/A                                     ; 193.87 MHz ( period = 5.158 ns )                    ; presc_reg[15] ; presc_reg[5]   ; clk        ; clk      ; None                        ; None                      ; 4.927 ns                ;
; N/A                                     ; 193.87 MHz ( period = 5.158 ns )                    ; presc_reg[15] ; presc_reg[4]   ; clk        ; clk      ; None                        ; None                      ; 4.927 ns                ;
; N/A                                     ; 193.87 MHz ( period = 5.158 ns )                    ; presc_reg[15] ; presc_reg[3]   ; clk        ; clk      ; None                        ; None                      ; 4.927 ns                ;
; N/A                                     ; 193.87 MHz ( period = 5.158 ns )                    ; presc_reg[15] ; presc_reg[2]   ; clk        ; clk      ; None                        ; None                      ; 4.927 ns                ;
; N/A                                     ; 193.87 MHz ( period = 5.158 ns )                    ; presc_reg[15] ; presc_reg[1]   ; clk        ; clk      ; None                        ; None                      ; 4.927 ns                ;
; N/A                                     ; 193.87 MHz ( period = 5.158 ns )                    ; presc_reg[15] ; presc_reg[0]   ; clk        ; clk      ; None                        ; None                      ; 4.927 ns                ;
; N/A                                     ; 197.55 MHz ( period = 5.062 ns )                    ; presc_reg[14] ; segm_0_cntr[0] ; clk        ; clk      ; None                        ; None                      ; 4.818 ns                ;
; N/A                                     ; 197.55 MHz ( period = 5.062 ns )                    ; presc_reg[14] ; segm_0_cntr[2] ; clk        ; clk      ; None                        ; None                      ; 4.818 ns                ;
; N/A                                     ; 197.55 MHz ( period = 5.062 ns )                    ; presc_reg[14] ; segm_0_cntr[1] ; clk        ; clk      ; None                        ; None                      ; 4.818 ns                ;
; N/A                                     ; 197.55 MHz ( period = 5.062 ns )                    ; presc_reg[14] ; segm_0_cntr[3] ; clk        ; clk      ; None                        ; None                      ; 4.818 ns                ;
; N/A                                     ; 198.33 MHz ( period = 5.042 ns )                    ; presc_reg[24] ; segm_0_cntr[0] ; clk        ; clk      ; None                        ; None                      ; 4.798 ns                ;
; N/A                                     ; 198.33 MHz ( period = 5.042 ns )                    ; presc_reg[24] ; segm_0_cntr[2] ; clk        ; clk      ; None                        ; None                      ; 4.798 ns                ;
; N/A                                     ; 198.33 MHz ( period = 5.042 ns )                    ; presc_reg[24] ; segm_0_cntr[1] ; clk        ; clk      ; None                        ; None                      ; 4.798 ns                ;
; N/A                                     ; 198.33 MHz ( period = 5.042 ns )                    ; presc_reg[24] ; segm_0_cntr[3] ; clk        ; clk      ; None                        ; None                      ; 4.798 ns                ;
; N/A                                     ; 201.73 MHz ( period = 4.957 ns )                    ; presc_reg[14] ; presc_reg[11]  ; clk        ; clk      ; None                        ; None                      ; 4.726 ns                ;
; N/A                                     ; 201.73 MHz ( period = 4.957 ns )                    ; presc_reg[14] ; presc_reg[10]  ; clk        ; clk      ; None                        ; None                      ; 4.726 ns                ;
; N/A                                     ; 201.73 MHz ( period = 4.957 ns )                    ; presc_reg[14] ; presc_reg[9]   ; clk        ; clk      ; None                        ; None                      ; 4.726 ns                ;
; N/A                                     ; 201.73 MHz ( period = 4.957 ns )                    ; presc_reg[14] ; presc_reg[7]   ; clk        ; clk      ; None                        ; None                      ; 4.726 ns                ;
; N/A                                     ; 201.73 MHz ( period = 4.957 ns )                    ; presc_reg[14] ; presc_reg[8]   ; clk        ; clk      ; None                        ; None                      ; 4.726 ns                ;
; N/A                                     ; 201.73 MHz ( period = 4.957 ns )                    ; presc_reg[14] ; presc_reg[12]  ; clk        ; clk      ; None                        ; None                      ; 4.726 ns                ;
; N/A                                     ; 201.73 MHz ( period = 4.957 ns )                    ; presc_reg[14] ; presc_reg[6]   ; clk        ; clk      ; None                        ; None                      ; 4.726 ns                ;
; N/A                                     ; 201.73 MHz ( period = 4.957 ns )                    ; presc_reg[14] ; presc_reg[5]   ; clk        ; clk      ; None                        ; None                      ; 4.726 ns                ;
; N/A                                     ; 201.73 MHz ( period = 4.957 ns )                    ; presc_reg[14] ; presc_reg[4]   ; clk        ; clk      ; None                        ; None                      ; 4.726 ns                ;
; N/A                                     ; 201.73 MHz ( period = 4.957 ns )                    ; presc_reg[14] ; presc_reg[3]   ; clk        ; clk      ; None                        ; None                      ; 4.726 ns                ;
; N/A                                     ; 201.73 MHz ( period = 4.957 ns )                    ; presc_reg[14] ; presc_reg[2]   ; clk        ; clk      ; None                        ; None                      ; 4.726 ns                ;
; N/A                                     ; 201.73 MHz ( period = 4.957 ns )                    ; presc_reg[14] ; presc_reg[1]   ; clk        ; clk      ; None                        ; None                      ; 4.726 ns                ;
; N/A                                     ; 201.73 MHz ( period = 4.957 ns )                    ; presc_reg[14] ; presc_reg[0]   ; clk        ; clk      ; None                        ; None                      ; 4.726 ns                ;
; N/A                                     ; 202.55 MHz ( period = 4.937 ns )                    ; presc_reg[24] ; presc_reg[11]  ; clk        ; clk      ; None                        ; None                      ; 4.706 ns                ;
; N/A                                     ; 202.55 MHz ( period = 4.937 ns )                    ; presc_reg[24] ; presc_reg[10]  ; clk        ; clk      ; None                        ; None                      ; 4.706 ns                ;
; N/A                                     ; 202.55 MHz ( period = 4.937 ns )                    ; presc_reg[24] ; presc_reg[9]   ; clk        ; clk      ; None                        ; None                      ; 4.706 ns                ;
; N/A                                     ; 202.55 MHz ( period = 4.937 ns )                    ; presc_reg[24] ; presc_reg[7]   ; clk        ; clk      ; None                        ; None                      ; 4.706 ns                ;
; N/A                                     ; 202.55 MHz ( period = 4.937 ns )                    ; presc_reg[24] ; presc_reg[8]   ; clk        ; clk      ; None                        ; None                      ; 4.706 ns                ;
; N/A                                     ; 202.55 MHz ( period = 4.937 ns )                    ; presc_reg[24] ; presc_reg[12]  ; clk        ; clk      ; None                        ; None                      ; 4.706 ns                ;
; N/A                                     ; 202.55 MHz ( period = 4.937 ns )                    ; presc_reg[24] ; presc_reg[6]   ; clk        ; clk      ; None                        ; None                      ; 4.706 ns                ;
; N/A                                     ; 202.55 MHz ( period = 4.937 ns )                    ; presc_reg[24] ; presc_reg[5]   ; clk        ; clk      ; None                        ; None                      ; 4.706 ns                ;
; N/A                                     ; 202.55 MHz ( period = 4.937 ns )                    ; presc_reg[24] ; presc_reg[4]   ; clk        ; clk      ; None                        ; None                      ; 4.706 ns                ;
; N/A                                     ; 202.55 MHz ( period = 4.937 ns )                    ; presc_reg[24] ; presc_reg[3]   ; clk        ; clk      ; None                        ; None                      ; 4.706 ns                ;
; N/A                                     ; 202.55 MHz ( period = 4.937 ns )                    ; presc_reg[24] ; presc_reg[2]   ; clk        ; clk      ; None                        ; None                      ; 4.706 ns                ;
; N/A                                     ; 202.55 MHz ( period = 4.937 ns )                    ; presc_reg[24] ; presc_reg[1]   ; clk        ; clk      ; None                        ; None                      ; 4.706 ns                ;
; N/A                                     ; 202.55 MHz ( period = 4.937 ns )                    ; presc_reg[24] ; presc_reg[0]   ; clk        ; clk      ; None                        ; None                      ; 4.706 ns                ;
; N/A                                     ; 202.80 MHz ( period = 4.931 ns )                    ; presc_reg[12] ; segm_0_cntr[0] ; clk        ; clk      ; None                        ; None                      ; 4.679 ns                ;
; N/A                                     ; 202.80 MHz ( period = 4.931 ns )                    ; presc_reg[12] ; segm_0_cntr[2] ; clk        ; clk      ; None                        ; None                      ; 4.679 ns                ;
; N/A                                     ; 202.80 MHz ( period = 4.931 ns )                    ; presc_reg[12] ; segm_0_cntr[1] ; clk        ; clk      ; None                        ; None                      ; 4.679 ns                ;
; N/A                                     ; 202.80 MHz ( period = 4.931 ns )                    ; presc_reg[12] ; segm_0_cntr[3] ; clk        ; clk      ; None                        ; None                      ; 4.679 ns                ;
; N/A                                     ; 203.33 MHz ( period = 4.918 ns )                    ; presc_reg[13] ; segm_0_cntr[0] ; clk        ; clk      ; None                        ; None                      ; 4.674 ns                ;
; N/A                                     ; 203.33 MHz ( period = 4.918 ns )                    ; presc_reg[13] ; segm_0_cntr[2] ; clk        ; clk      ; None                        ; None                      ; 4.674 ns                ;
; N/A                                     ; 203.33 MHz ( period = 4.918 ns )                    ; presc_reg[13] ; segm_0_cntr[1] ; clk        ; clk      ; None                        ; None                      ; 4.674 ns                ;
; N/A                                     ; 203.33 MHz ( period = 4.918 ns )                    ; presc_reg[13] ; segm_0_cntr[3] ; clk        ; clk      ; None                        ; None                      ; 4.674 ns                ;
; N/A                                     ; 204.25 MHz ( period = 4.896 ns )                    ; presc_reg[16] ; segm_0_cntr[0] ; clk        ; clk      ; None                        ; None                      ; 4.652 ns                ;
; N/A                                     ; 204.25 MHz ( period = 4.896 ns )                    ; presc_reg[16] ; segm_0_cntr[2] ; clk        ; clk      ; None                        ; None                      ; 4.652 ns                ;
; N/A                                     ; 204.25 MHz ( period = 4.896 ns )                    ; presc_reg[16] ; segm_0_cntr[1] ; clk        ; clk      ; None                        ; None                      ; 4.652 ns                ;
; N/A                                     ; 204.25 MHz ( period = 4.896 ns )                    ; presc_reg[16] ; segm_0_cntr[3] ; clk        ; clk      ; None                        ; None                      ; 4.652 ns                ;
; N/A                                     ; 207.00 MHz ( period = 4.831 ns )                    ; presc_reg[10] ; segm_0_cntr[0] ; clk        ; clk      ; None                        ; None                      ; 4.579 ns                ;
; N/A                                     ; 207.00 MHz ( period = 4.831 ns )                    ; presc_reg[10] ; segm_0_cntr[2] ; clk        ; clk      ; None                        ; None                      ; 4.579 ns                ;
; N/A                                     ; 207.00 MHz ( period = 4.831 ns )                    ; presc_reg[10] ; segm_0_cntr[1] ; clk        ; clk      ; None                        ; None                      ; 4.579 ns                ;
; N/A                                     ; 207.00 MHz ( period = 4.831 ns )                    ; presc_reg[10] ; segm_0_cntr[3] ; clk        ; clk      ; None                        ; None                      ; 4.579 ns                ;
; N/A                                     ; 207.21 MHz ( period = 4.826 ns )                    ; presc_reg[12] ; presc_reg[11]  ; clk        ; clk      ; None                        ; None                      ; 4.587 ns                ;
; N/A                                     ; 207.21 MHz ( period = 4.826 ns )                    ; presc_reg[12] ; presc_reg[10]  ; clk        ; clk      ; None                        ; None                      ; 4.587 ns                ;
; N/A                                     ; 207.21 MHz ( period = 4.826 ns )                    ; presc_reg[12] ; presc_reg[9]   ; clk        ; clk      ; None                        ; None                      ; 4.587 ns                ;
; N/A                                     ; 207.21 MHz ( period = 4.826 ns )                    ; presc_reg[12] ; presc_reg[7]   ; clk        ; clk      ; None                        ; None                      ; 4.587 ns                ;
; N/A                                     ; 207.21 MHz ( period = 4.826 ns )                    ; presc_reg[12] ; presc_reg[8]   ; clk        ; clk      ; None                        ; None                      ; 4.587 ns                ;
; N/A                                     ; 207.21 MHz ( period = 4.826 ns )                    ; presc_reg[12] ; presc_reg[12]  ; clk        ; clk      ; None                        ; None                      ; 4.587 ns                ;
; N/A                                     ; 207.21 MHz ( period = 4.826 ns )                    ; presc_reg[12] ; presc_reg[6]   ; clk        ; clk      ; None                        ; None                      ; 4.587 ns                ;
; N/A                                     ; 207.21 MHz ( period = 4.826 ns )                    ; presc_reg[12] ; presc_reg[5]   ; clk        ; clk      ; None                        ; None                      ; 4.587 ns                ;
; N/A                                     ; 207.21 MHz ( period = 4.826 ns )                    ; presc_reg[12] ; presc_reg[4]   ; clk        ; clk      ; None                        ; None                      ; 4.587 ns                ;
; N/A                                     ; 207.21 MHz ( period = 4.826 ns )                    ; presc_reg[12] ; presc_reg[3]   ; clk        ; clk      ; None                        ; None                      ; 4.587 ns                ;
; N/A                                     ; 207.21 MHz ( period = 4.826 ns )                    ; presc_reg[12] ; presc_reg[2]   ; clk        ; clk      ; None                        ; None                      ; 4.587 ns                ;
; N/A                                     ; 207.21 MHz ( period = 4.826 ns )                    ; presc_reg[12] ; presc_reg[1]   ; clk        ; clk      ; None                        ; None                      ; 4.587 ns                ;
; N/A                                     ; 207.21 MHz ( period = 4.826 ns )                    ; presc_reg[12] ; presc_reg[0]   ; clk        ; clk      ; None                        ; None                      ; 4.587 ns                ;
; N/A                                     ; 207.77 MHz ( period = 4.813 ns )                    ; presc_reg[13] ; presc_reg[11]  ; clk        ; clk      ; None                        ; None                      ; 4.582 ns                ;
; N/A                                     ; 207.77 MHz ( period = 4.813 ns )                    ; presc_reg[13] ; presc_reg[10]  ; clk        ; clk      ; None                        ; None                      ; 4.582 ns                ;
; N/A                                     ; 207.77 MHz ( period = 4.813 ns )                    ; presc_reg[13] ; presc_reg[9]   ; clk        ; clk      ; None                        ; None                      ; 4.582 ns                ;
; N/A                                     ; 207.77 MHz ( period = 4.813 ns )                    ; presc_reg[13] ; presc_reg[7]   ; clk        ; clk      ; None                        ; None                      ; 4.582 ns                ;
; N/A                                     ; 207.77 MHz ( period = 4.813 ns )                    ; presc_reg[13] ; presc_reg[8]   ; clk        ; clk      ; None                        ; None                      ; 4.582 ns                ;
; N/A                                     ; 207.77 MHz ( period = 4.813 ns )                    ; presc_reg[13] ; presc_reg[12]  ; clk        ; clk      ; None                        ; None                      ; 4.582 ns                ;
; N/A                                     ; 207.77 MHz ( period = 4.813 ns )                    ; presc_reg[13] ; presc_reg[6]   ; clk        ; clk      ; None                        ; None                      ; 4.582 ns                ;
; N/A                                     ; 207.77 MHz ( period = 4.813 ns )                    ; presc_reg[13] ; presc_reg[5]   ; clk        ; clk      ; None                        ; None                      ; 4.582 ns                ;
; N/A                                     ; 207.77 MHz ( period = 4.813 ns )                    ; presc_reg[13] ; presc_reg[4]   ; clk        ; clk      ; None                        ; None                      ; 4.582 ns                ;
; N/A                                     ; 207.77 MHz ( period = 4.813 ns )                    ; presc_reg[13] ; presc_reg[3]   ; clk        ; clk      ; None                        ; None                      ; 4.582 ns                ;
; N/A                                     ; 207.77 MHz ( period = 4.813 ns )                    ; presc_reg[13] ; presc_reg[2]   ; clk        ; clk      ; None                        ; None                      ; 4.582 ns                ;
; N/A                                     ; 207.77 MHz ( period = 4.813 ns )                    ; presc_reg[13] ; presc_reg[1]   ; clk        ; clk      ; None                        ; None                      ; 4.582 ns                ;
; N/A                                     ; 207.77 MHz ( period = 4.813 ns )                    ; presc_reg[13] ; presc_reg[0]   ; clk        ; clk      ; None                        ; None                      ; 4.582 ns                ;
; N/A                                     ; 207.94 MHz ( period = 4.809 ns )                    ; presc_reg[9]  ; segm_0_cntr[0] ; clk        ; clk      ; None                        ; None                      ; 4.557 ns                ;
; N/A                                     ; 207.94 MHz ( period = 4.809 ns )                    ; presc_reg[9]  ; segm_0_cntr[2] ; clk        ; clk      ; None                        ; None                      ; 4.557 ns                ;
; N/A                                     ; 207.94 MHz ( period = 4.809 ns )                    ; presc_reg[9]  ; segm_0_cntr[1] ; clk        ; clk      ; None                        ; None                      ; 4.557 ns                ;
; N/A                                     ; 207.94 MHz ( period = 4.809 ns )                    ; presc_reg[9]  ; segm_0_cntr[3] ; clk        ; clk      ; None                        ; None                      ; 4.557 ns                ;
; N/A                                     ; 208.72 MHz ( period = 4.791 ns )                    ; presc_reg[16] ; presc_reg[11]  ; clk        ; clk      ; None                        ; None                      ; 4.560 ns                ;
; N/A                                     ; 208.72 MHz ( period = 4.791 ns )                    ; presc_reg[16] ; presc_reg[10]  ; clk        ; clk      ; None                        ; None                      ; 4.560 ns                ;
; N/A                                     ; 208.72 MHz ( period = 4.791 ns )                    ; presc_reg[16] ; presc_reg[9]   ; clk        ; clk      ; None                        ; None                      ; 4.560 ns                ;
; N/A                                     ; 208.72 MHz ( period = 4.791 ns )                    ; presc_reg[16] ; presc_reg[7]   ; clk        ; clk      ; None                        ; None                      ; 4.560 ns                ;
; N/A                                     ; 208.72 MHz ( period = 4.791 ns )                    ; presc_reg[16] ; presc_reg[8]   ; clk        ; clk      ; None                        ; None                      ; 4.560 ns                ;
; N/A                                     ; 208.72 MHz ( period = 4.791 ns )                    ; presc_reg[16] ; presc_reg[12]  ; clk        ; clk      ; None                        ; None                      ; 4.560 ns                ;
; N/A                                     ; 208.72 MHz ( period = 4.791 ns )                    ; presc_reg[16] ; presc_reg[6]   ; clk        ; clk      ; None                        ; None                      ; 4.560 ns                ;
; N/A                                     ; 208.72 MHz ( period = 4.791 ns )                    ; presc_reg[16] ; presc_reg[5]   ; clk        ; clk      ; None                        ; None                      ; 4.560 ns                ;
; N/A                                     ; 208.72 MHz ( period = 4.791 ns )                    ; presc_reg[16] ; presc_reg[4]   ; clk        ; clk      ; None                        ; None                      ; 4.560 ns                ;
; N/A                                     ; 208.72 MHz ( period = 4.791 ns )                    ; presc_reg[16] ; presc_reg[3]   ; clk        ; clk      ; None                        ; None                      ; 4.560 ns                ;
; N/A                                     ; 208.72 MHz ( period = 4.791 ns )                    ; presc_reg[16] ; presc_reg[2]   ; clk        ; clk      ; None                        ; None                      ; 4.560 ns                ;
; N/A                                     ; 208.72 MHz ( period = 4.791 ns )                    ; presc_reg[16] ; presc_reg[1]   ; clk        ; clk      ; None                        ; None                      ; 4.560 ns                ;
; N/A                                     ; 208.72 MHz ( period = 4.791 ns )                    ; presc_reg[16] ; presc_reg[0]   ; clk        ; clk      ; None                        ; None                      ; 4.560 ns                ;
; N/A                                     ; 210.61 MHz ( period = 4.748 ns )                    ; presc_reg[18] ; segm_0_cntr[0] ; clk        ; clk      ; None                        ; None                      ; 4.504 ns                ;
; N/A                                     ; 210.61 MHz ( period = 4.748 ns )                    ; presc_reg[18] ; segm_0_cntr[2] ; clk        ; clk      ; None                        ; None                      ; 4.504 ns                ;
; N/A                                     ; 210.61 MHz ( period = 4.748 ns )                    ; presc_reg[18] ; segm_0_cntr[1] ; clk        ; clk      ; None                        ; None                      ; 4.504 ns                ;
; N/A                                     ; 210.61 MHz ( period = 4.748 ns )                    ; presc_reg[18] ; segm_0_cntr[3] ; clk        ; clk      ; None                        ; None                      ; 4.504 ns                ;
; N/A                                     ; 211.60 MHz ( period = 4.726 ns )                    ; presc_reg[10] ; presc_reg[11]  ; clk        ; clk      ; None                        ; None                      ; 4.487 ns                ;
; N/A                                     ; 211.60 MHz ( period = 4.726 ns )                    ; presc_reg[10] ; presc_reg[10]  ; clk        ; clk      ; None                        ; None                      ; 4.487 ns                ;
; N/A                                     ; 211.60 MHz ( period = 4.726 ns )                    ; presc_reg[10] ; presc_reg[9]   ; clk        ; clk      ; None                        ; None                      ; 4.487 ns                ;
; N/A                                     ; 211.60 MHz ( period = 4.726 ns )                    ; presc_reg[10] ; presc_reg[7]   ; clk        ; clk      ; None                        ; None                      ; 4.487 ns                ;
; N/A                                     ; 211.60 MHz ( period = 4.726 ns )                    ; presc_reg[10] ; presc_reg[8]   ; clk        ; clk      ; None                        ; None                      ; 4.487 ns                ;
; N/A                                     ; 211.60 MHz ( period = 4.726 ns )                    ; presc_reg[10] ; presc_reg[12]  ; clk        ; clk      ; None                        ; None                      ; 4.487 ns                ;
; N/A                                     ; 211.60 MHz ( period = 4.726 ns )                    ; presc_reg[10] ; presc_reg[6]   ; clk        ; clk      ; None                        ; None                      ; 4.487 ns                ;
; N/A                                     ; 211.60 MHz ( period = 4.726 ns )                    ; presc_reg[10] ; presc_reg[5]   ; clk        ; clk      ; None                        ; None                      ; 4.487 ns                ;
; N/A                                     ; 211.60 MHz ( period = 4.726 ns )                    ; presc_reg[10] ; presc_reg[4]   ; clk        ; clk      ; None                        ; None                      ; 4.487 ns                ;
; N/A                                     ; 211.60 MHz ( period = 4.726 ns )                    ; presc_reg[10] ; presc_reg[3]   ; clk        ; clk      ; None                        ; None                      ; 4.487 ns                ;
; N/A                                     ; 211.60 MHz ( period = 4.726 ns )                    ; presc_reg[10] ; presc_reg[2]   ; clk        ; clk      ; None                        ; None                      ; 4.487 ns                ;
; N/A                                     ; 211.60 MHz ( period = 4.726 ns )                    ; presc_reg[10] ; presc_reg[1]   ; clk        ; clk      ; None                        ; None                      ; 4.487 ns                ;
; N/A                                     ; 211.60 MHz ( period = 4.726 ns )                    ; presc_reg[10] ; presc_reg[0]   ; clk        ; clk      ; None                        ; None                      ; 4.487 ns                ;
; N/A                                     ; 212.59 MHz ( period = 4.704 ns )                    ; presc_reg[9]  ; presc_reg[11]  ; clk        ; clk      ; None                        ; None                      ; 4.465 ns                ;
; N/A                                     ; 212.59 MHz ( period = 4.704 ns )                    ; presc_reg[9]  ; presc_reg[10]  ; clk        ; clk      ; None                        ; None                      ; 4.465 ns                ;
; N/A                                     ; 212.59 MHz ( period = 4.704 ns )                    ; presc_reg[9]  ; presc_reg[9]   ; clk        ; clk      ; None                        ; None                      ; 4.465 ns                ;
; N/A                                     ; 212.59 MHz ( period = 4.704 ns )                    ; presc_reg[9]  ; presc_reg[7]   ; clk        ; clk      ; None                        ; None                      ; 4.465 ns                ;
; N/A                                     ; 212.59 MHz ( period = 4.704 ns )                    ; presc_reg[9]  ; presc_reg[8]   ; clk        ; clk      ; None                        ; None                      ; 4.465 ns                ;
; N/A                                     ; 212.59 MHz ( period = 4.704 ns )                    ; presc_reg[9]  ; presc_reg[12]  ; clk        ; clk      ; None                        ; None                      ; 4.465 ns                ;
; N/A                                     ; 212.59 MHz ( period = 4.704 ns )                    ; presc_reg[9]  ; presc_reg[6]   ; clk        ; clk      ; None                        ; None                      ; 4.465 ns                ;
; N/A                                     ; 212.59 MHz ( period = 4.704 ns )                    ; presc_reg[9]  ; presc_reg[5]   ; clk        ; clk      ; None                        ; None                      ; 4.465 ns                ;
; N/A                                     ; 212.59 MHz ( period = 4.704 ns )                    ; presc_reg[9]  ; presc_reg[4]   ; clk        ; clk      ; None                        ; None                      ; 4.465 ns                ;
; N/A                                     ; 212.59 MHz ( period = 4.704 ns )                    ; presc_reg[9]  ; presc_reg[3]   ; clk        ; clk      ; None                        ; None                      ; 4.465 ns                ;
; N/A                                     ; 212.59 MHz ( period = 4.704 ns )                    ; presc_reg[9]  ; presc_reg[2]   ; clk        ; clk      ; None                        ; None                      ; 4.465 ns                ;
; N/A                                     ; 212.59 MHz ( period = 4.704 ns )                    ; presc_reg[9]  ; presc_reg[1]   ; clk        ; clk      ; None                        ; None                      ; 4.465 ns                ;
; N/A                                     ; 212.59 MHz ( period = 4.704 ns )                    ; presc_reg[9]  ; presc_reg[0]   ; clk        ; clk      ; None                        ; None                      ; 4.465 ns                ;
; N/A                                     ; 215.38 MHz ( period = 4.643 ns )                    ; presc_reg[18] ; presc_reg[11]  ; clk        ; clk      ; None                        ; None                      ; 4.412 ns                ;
; N/A                                     ; 215.38 MHz ( period = 4.643 ns )                    ; presc_reg[18] ; presc_reg[10]  ; clk        ; clk      ; None                        ; None                      ; 4.412 ns                ;
; N/A                                     ; 215.38 MHz ( period = 4.643 ns )                    ; presc_reg[18] ; presc_reg[9]   ; clk        ; clk      ; None                        ; None                      ; 4.412 ns                ;
; N/A                                     ; 215.38 MHz ( period = 4.643 ns )                    ; presc_reg[18] ; presc_reg[7]   ; clk        ; clk      ; None                        ; None                      ; 4.412 ns                ;
; N/A                                     ; 215.38 MHz ( period = 4.643 ns )                    ; presc_reg[18] ; presc_reg[8]   ; clk        ; clk      ; None                        ; None                      ; 4.412 ns                ;
; N/A                                     ; 215.38 MHz ( period = 4.643 ns )                    ; presc_reg[18] ; presc_reg[12]  ; clk        ; clk      ; None                        ; None                      ; 4.412 ns                ;
; N/A                                     ; 215.38 MHz ( period = 4.643 ns )                    ; presc_reg[18] ; presc_reg[6]   ; clk        ; clk      ; None                        ; None                      ; 4.412 ns                ;
; N/A                                     ; 215.38 MHz ( period = 4.643 ns )                    ; presc_reg[18] ; presc_reg[5]   ; clk        ; clk      ; None                        ; None                      ; 4.412 ns                ;
; N/A                                     ; 215.38 MHz ( period = 4.643 ns )                    ; presc_reg[18] ; presc_reg[4]   ; clk        ; clk      ; None                        ; None                      ; 4.412 ns                ;
; N/A                                     ; 215.38 MHz ( period = 4.643 ns )                    ; presc_reg[18] ; presc_reg[3]   ; clk        ; clk      ; None                        ; None                      ; 4.412 ns                ;
; N/A                                     ; 215.38 MHz ( period = 4.643 ns )                    ; presc_reg[18] ; presc_reg[2]   ; clk        ; clk      ; None                        ; None                      ; 4.412 ns                ;
; N/A                                     ; 215.38 MHz ( period = 4.643 ns )                    ; presc_reg[18] ; presc_reg[1]   ; clk        ; clk      ; None                        ; None                      ; 4.412 ns                ;
; N/A                                     ; 215.38 MHz ( period = 4.643 ns )                    ; presc_reg[18] ; presc_reg[0]   ; clk        ; clk      ; None                        ; None                      ; 4.412 ns                ;
; N/A                                     ; 218.29 MHz ( period = 4.581 ns )                    ; presc_reg[15] ; presc_reg[24]  ; clk        ; clk      ; None                        ; None                      ; 4.342 ns                ;
; N/A                                     ; 218.29 MHz ( period = 4.581 ns )                    ; presc_reg[15] ; presc_reg[25]  ; clk        ; clk      ; None                        ; None                      ; 4.342 ns                ;
; N/A                                     ; 218.29 MHz ( period = 4.581 ns )                    ; presc_reg[15] ; presc_reg[23]  ; clk        ; clk      ; None                        ; None                      ; 4.342 ns                ;
; N/A                                     ; 218.29 MHz ( period = 4.581 ns )                    ; presc_reg[15] ; presc_reg[21]  ; clk        ; clk      ; None                        ; None                      ; 4.342 ns                ;
; N/A                                     ; 218.29 MHz ( period = 4.581 ns )                    ; presc_reg[15] ; presc_reg[22]  ; clk        ; clk      ; None                        ; None                      ; 4.342 ns                ;
; N/A                                     ; 218.29 MHz ( period = 4.581 ns )                    ; presc_reg[15] ; presc_reg[18]  ; clk        ; clk      ; None                        ; None                      ; 4.342 ns                ;
; N/A                                     ; 218.29 MHz ( period = 4.581 ns )                    ; presc_reg[15] ; presc_reg[17]  ; clk        ; clk      ; None                        ; None                      ; 4.342 ns                ;
; N/A                                     ; 218.29 MHz ( period = 4.581 ns )                    ; presc_reg[15] ; presc_reg[20]  ; clk        ; clk      ; None                        ; None                      ; 4.342 ns                ;
; N/A                                     ; 218.29 MHz ( period = 4.581 ns )                    ; presc_reg[15] ; presc_reg[19]  ; clk        ; clk      ; None                        ; None                      ; 4.342 ns                ;
; N/A                                     ; 218.29 MHz ( period = 4.581 ns )                    ; presc_reg[15] ; presc_reg[15]  ; clk        ; clk      ; None                        ; None                      ; 4.342 ns                ;
; N/A                                     ; 218.29 MHz ( period = 4.581 ns )                    ; presc_reg[15] ; presc_reg[14]  ; clk        ; clk      ; None                        ; None                      ; 4.342 ns                ;
; N/A                                     ; 218.29 MHz ( period = 4.581 ns )                    ; presc_reg[15] ; presc_reg[13]  ; clk        ; clk      ; None                        ; None                      ; 4.342 ns                ;
; N/A                                     ; 218.29 MHz ( period = 4.581 ns )                    ; presc_reg[15] ; presc_reg[16]  ; clk        ; clk      ; None                        ; None                      ; 4.342 ns                ;
; N/A                                     ; 224.57 MHz ( period = 4.453 ns )                    ; presc_reg[7]  ; segm_0_cntr[0] ; clk        ; clk      ; None                        ; None                      ; 4.201 ns                ;
; N/A                                     ; 224.57 MHz ( period = 4.453 ns )                    ; presc_reg[7]  ; segm_0_cntr[2] ; clk        ; clk      ; None                        ; None                      ; 4.201 ns                ;
; N/A                                     ; 224.57 MHz ( period = 4.453 ns )                    ; presc_reg[7]  ; segm_0_cntr[1] ; clk        ; clk      ; None                        ; None                      ; 4.201 ns                ;
; N/A                                     ; 224.57 MHz ( period = 4.453 ns )                    ; presc_reg[7]  ; segm_0_cntr[3] ; clk        ; clk      ; None                        ; None                      ; 4.201 ns                ;
; N/A                                     ; 228.31 MHz ( period = 4.380 ns )                    ; presc_reg[14] ; presc_reg[24]  ; clk        ; clk      ; None                        ; None                      ; 4.141 ns                ;
; N/A                                     ; 228.31 MHz ( period = 4.380 ns )                    ; presc_reg[14] ; presc_reg[25]  ; clk        ; clk      ; None                        ; None                      ; 4.141 ns                ;
; N/A                                     ; 228.31 MHz ( period = 4.380 ns )                    ; presc_reg[14] ; presc_reg[23]  ; clk        ; clk      ; None                        ; None                      ; 4.141 ns                ;
; N/A                                     ; 228.31 MHz ( period = 4.380 ns )                    ; presc_reg[14] ; presc_reg[21]  ; clk        ; clk      ; None                        ; None                      ; 4.141 ns                ;
; N/A                                     ; 228.31 MHz ( period = 4.380 ns )                    ; presc_reg[14] ; presc_reg[22]  ; clk        ; clk      ; None                        ; None                      ; 4.141 ns                ;
; N/A                                     ; 228.31 MHz ( period = 4.380 ns )                    ; presc_reg[14] ; presc_reg[18]  ; clk        ; clk      ; None                        ; None                      ; 4.141 ns                ;
; N/A                                     ; 228.31 MHz ( period = 4.380 ns )                    ; presc_reg[14] ; presc_reg[17]  ; clk        ; clk      ; None                        ; None                      ; 4.141 ns                ;
; N/A                                     ; 228.31 MHz ( period = 4.380 ns )                    ; presc_reg[14] ; presc_reg[20]  ; clk        ; clk      ; None                        ; None                      ; 4.141 ns                ;
; N/A                                     ; 228.31 MHz ( period = 4.380 ns )                    ; presc_reg[14] ; presc_reg[19]  ; clk        ; clk      ; None                        ; None                      ; 4.141 ns                ;
; N/A                                     ; 228.31 MHz ( period = 4.380 ns )                    ; presc_reg[14] ; presc_reg[15]  ; clk        ; clk      ; None                        ; None                      ; 4.141 ns                ;
; N/A                                     ; 228.31 MHz ( period = 4.380 ns )                    ; presc_reg[14] ; presc_reg[14]  ; clk        ; clk      ; None                        ; None                      ; 4.141 ns                ;
; N/A                                     ; 228.31 MHz ( period = 4.380 ns )                    ; presc_reg[14] ; presc_reg[13]  ; clk        ; clk      ; None                        ; None                      ; 4.141 ns                ;
; N/A                                     ; 228.31 MHz ( period = 4.380 ns )                    ; presc_reg[14] ; presc_reg[16]  ; clk        ; clk      ; None                        ; None                      ; 4.141 ns                ;
; N/A                                     ; 229.36 MHz ( period = 4.360 ns )                    ; presc_reg[24] ; presc_reg[24]  ; clk        ; clk      ; None                        ; None                      ; 4.121 ns                ;
; N/A                                     ; 229.36 MHz ( period = 4.360 ns )                    ; presc_reg[24] ; presc_reg[25]  ; clk        ; clk      ; None                        ; None                      ; 4.121 ns                ;
; N/A                                     ; 229.36 MHz ( period = 4.360 ns )                    ; presc_reg[24] ; presc_reg[23]  ; clk        ; clk      ; None                        ; None                      ; 4.121 ns                ;
; N/A                                     ; 229.36 MHz ( period = 4.360 ns )                    ; presc_reg[24] ; presc_reg[21]  ; clk        ; clk      ; None                        ; None                      ; 4.121 ns                ;
; N/A                                     ; 229.36 MHz ( period = 4.360 ns )                    ; presc_reg[24] ; presc_reg[22]  ; clk        ; clk      ; None                        ; None                      ; 4.121 ns                ;
; N/A                                     ; 229.36 MHz ( period = 4.360 ns )                    ; presc_reg[24] ; presc_reg[18]  ; clk        ; clk      ; None                        ; None                      ; 4.121 ns                ;
; N/A                                     ; 229.36 MHz ( period = 4.360 ns )                    ; presc_reg[24] ; presc_reg[17]  ; clk        ; clk      ; None                        ; None                      ; 4.121 ns                ;
; N/A                                     ; 229.36 MHz ( period = 4.360 ns )                    ; presc_reg[24] ; presc_reg[20]  ; clk        ; clk      ; None                        ; None                      ; 4.121 ns                ;
; N/A                                     ; 229.36 MHz ( period = 4.360 ns )                    ; presc_reg[24] ; presc_reg[19]  ; clk        ; clk      ; None                        ; None                      ; 4.121 ns                ;
; N/A                                     ; 229.36 MHz ( period = 4.360 ns )                    ; presc_reg[24] ; presc_reg[15]  ; clk        ; clk      ; None                        ; None                      ; 4.121 ns                ;
; N/A                                     ; 229.36 MHz ( period = 4.360 ns )                    ; presc_reg[24] ; presc_reg[14]  ; clk        ; clk      ; None                        ; None                      ; 4.121 ns                ;
; N/A                                     ; 229.36 MHz ( period = 4.360 ns )                    ; presc_reg[24] ; presc_reg[13]  ; clk        ; clk      ; None                        ; None                      ; 4.121 ns                ;
; N/A                                     ; 229.36 MHz ( period = 4.360 ns )                    ; presc_reg[24] ; presc_reg[16]  ; clk        ; clk      ; None                        ; None                      ; 4.121 ns                ;
; N/A                                     ; 229.99 MHz ( period = 4.348 ns )                    ; presc_reg[7]  ; presc_reg[4]   ; clk        ; clk      ; None                        ; None                      ; 4.109 ns                ;
; N/A                                     ; 229.99 MHz ( period = 4.348 ns )                    ; presc_reg[7]  ; presc_reg[3]   ; clk        ; clk      ; None                        ; None                      ; 4.109 ns                ;
; N/A                                     ; 229.99 MHz ( period = 4.348 ns )                    ; presc_reg[7]  ; presc_reg[2]   ; clk        ; clk      ; None                        ; None                      ; 4.109 ns                ;
; N/A                                     ; 229.99 MHz ( period = 4.348 ns )                    ; presc_reg[7]  ; presc_reg[1]   ; clk        ; clk      ; None                        ; None                      ; 4.109 ns                ;
; Timing analysis restricted to 200 rows. ; To change the limit use Settings (Assignments menu) ;               ;                ;            ;          ;                             ;                           ;                         ;
+-----------------------------------------+-----------------------------------------------------+---------------+----------------+------------+----------+-----------------------------+---------------------------+-------------------------+


+-----------------------------------------------------------------------------+
; tco                                                                         ;
+-------+--------------+------------+----------------+-----------+------------+
; Slack ; Required tco ; Actual tco ; From           ; To        ; From Clock ;
+-------+--------------+------------+----------------+-----------+------------+
; N/A   ; None         ; 7.962 ns   ; segm_0_cntr[2] ; segm_0[1] ; clk        ;
; N/A   ; None         ; 7.934 ns   ; segm_0_cntr[2] ; segm_0[0] ; clk        ;
; N/A   ; None         ; 7.825 ns   ; segm_0_cntr[3] ; segm_0[3] ; clk        ;
; N/A   ; None         ; 7.821 ns   ; segm_0_cntr[3] ; segm_0[1] ; clk        ;
; N/A   ; None         ; 7.820 ns   ; segm_0_cntr[3] ; segm_0[2] ; clk        ;
; N/A   ; None         ; 7.804 ns   ; segm_0_cntr[3] ; segm_0[0] ; clk        ;
; N/A   ; None         ; 7.751 ns   ; segm_0_cntr[1] ; segm_0[3] ; clk        ;
; N/A   ; None         ; 7.751 ns   ; segm_0_cntr[1] ; segm_0[2] ; clk        ;
; N/A   ; None         ; 7.625 ns   ; segm_0_cntr[2] ; segm_0[5] ; clk        ;
; N/A   ; None         ; 7.623 ns   ; segm_0_cntr[2] ; segm_0[6] ; clk        ;
; N/A   ; None         ; 7.564 ns   ; segm_0_cntr[0] ; segm_0[1] ; clk        ;
; N/A   ; None         ; 7.562 ns   ; segm_0_cntr[0] ; segm_0[3] ; clk        ;
; N/A   ; None         ; 7.557 ns   ; segm_0_cntr[0] ; segm_0[2] ; clk        ;
; N/A   ; None         ; 7.541 ns   ; segm_0_cntr[0] ; segm_0[0] ; clk        ;
; N/A   ; None         ; 7.498 ns   ; segm_0_cntr[3] ; segm_0[6] ; clk        ;
; N/A   ; None         ; 7.486 ns   ; segm_0_cntr[3] ; segm_0[5] ; clk        ;
; N/A   ; None         ; 7.485 ns   ; segm_0_cntr[3] ; segm_0[4] ; clk        ;
; N/A   ; None         ; 7.432 ns   ; segm_0_cntr[1] ; segm_0[4] ; clk        ;
; N/A   ; None         ; 7.429 ns   ; segm_0_cntr[2] ; segm_0[3] ; clk        ;
; N/A   ; None         ; 7.424 ns   ; segm_0_cntr[2] ; segm_0[2] ; clk        ;
; N/A   ; None         ; 7.422 ns   ; segm_0_cntr[1] ; segm_0[1] ; clk        ;
; N/A   ; None         ; 7.383 ns   ; segm_0_cntr[1] ; segm_0[0] ; clk        ;
; N/A   ; None         ; 7.233 ns   ; segm_0_cntr[0] ; segm_0[6] ; clk        ;
; N/A   ; None         ; 7.223 ns   ; segm_0_cntr[0] ; segm_0[5] ; clk        ;
; N/A   ; None         ; 7.183 ns   ; segm_0_cntr[0] ; segm_0[4] ; clk        ;
; N/A   ; None         ; 7.097 ns   ; segm_0_cntr[2] ; segm_0[4] ; clk        ;
; N/A   ; None         ; 7.084 ns   ; segm_0_cntr[1] ; segm_0[5] ; clk        ;
; N/A   ; None         ; 7.072 ns   ; segm_0_cntr[1] ; segm_0[6] ; clk        ;
+-------+--------------+------------+----------------+-----------+------------+


+--------------------------+
; Timing Analyzer Messages ;
+--------------------------+
Info: *******************************************************************
Info: Running Quartus II Classic Timing Analyzer
    Info: Version 8.1 Build 163 10/28/2008 SJ Full Version
    Info: Processing started: Wed Oct 18 10:56:40 2023
Info: Command: quartus_tan --read_settings_files=off --write_settings_files=off Clock -c Clock --timing_analysis_only
Info: Parallel compilation is enabled and will use 4 of the 16 processors detected
Warning: Found pins functioning as undefined clocks and/or memory enables
    Info: Assuming node "clk" is an undefined clock
Info: Clock "clk" has Internal fmax of 190.01 MHz between source register "presc_reg[15]" and destination register "segm_0_cntr[0]" (period= 5.263 ns)
    Info: + Longest register to register delay is 5.019 ns
        Info: 1: + IC(0.000 ns) + CELL(0.000 ns) = 0.000 ns; Loc. = LCFF_X5_Y20_N5; Fanout = 3; REG Node = 'presc_reg[15]'
        Info: 2: + IC(0.926 ns) + CELL(0.521 ns) = 1.447 ns; Loc. = LCCOMB_X5_Y21_N0; Fanout = 1; COMB Node = 'LessThan0~477'
        Info: 3: + IC(0.533 ns) + CELL(0.319 ns) = 2.299 ns; Loc. = LCCOMB_X5_Y21_N4; Fanout = 1; COMB Node = 'LessThan0~479'
        Info: 4: + IC(0.855 ns) + CELL(0.322 ns) = 3.476 ns; Loc. = LCCOMB_X5_Y20_N30; Fanout = 30; COMB Node = 'LessThan0~482'
        Info: 5: + IC(0.785 ns) + CELL(0.758 ns) = 5.019 ns; Loc. = LCFF_X1_Y20_N9; Fanout = 11; REG Node = 'segm_0_cntr[0]'
        Info: Total cell delay = 1.920 ns ( 38.25 % )
        Info: Total interconnect delay = 3.099 ns ( 61.75 % )
    Info: - Smallest clock skew is -0.005 ns
        Info: + Shortest clock path from clock "clk" to destination register is 2.835 ns
            Info: 1: + IC(0.000 ns) + CELL(1.026 ns) = 1.026 ns; Loc. = PIN_L1; Fanout = 1; CLK Node = 'clk'
            Info: 2: + IC(0.238 ns) + CELL(0.000 ns) = 1.264 ns; Loc. = CLKCTRL_G2; Fanout = 30; COMB Node = 'clk~clkctrl'
            Info: 3: + IC(0.969 ns) + CELL(0.602 ns) = 2.835 ns; Loc. = LCFF_X1_Y20_N9; Fanout = 11; REG Node = 'segm_0_cntr[0]'
            Info: Total cell delay = 1.628 ns ( 57.43 % )
            Info: Total interconnect delay = 1.207 ns ( 42.57 % )
        Info: - Longest clock path from clock "clk" to source register is 2.840 ns
            Info: 1: + IC(0.000 ns) + CELL(1.026 ns) = 1.026 ns; Loc. = PIN_L1; Fanout = 1; CLK Node = 'clk'
            Info: 2: + IC(0.238 ns) + CELL(0.000 ns) = 1.264 ns; Loc. = CLKCTRL_G2; Fanout = 30; COMB Node = 'clk~clkctrl'
            Info: 3: + IC(0.974 ns) + CELL(0.602 ns) = 2.840 ns; Loc. = LCFF_X5_Y20_N5; Fanout = 3; REG Node = 'presc_reg[15]'
            Info: Total cell delay = 1.628 ns ( 57.32 % )
            Info: Total interconnect delay = 1.212 ns ( 42.68 % )
    Info: + Micro clock to output delay of source is 0.277 ns
    Info: + Micro setup delay of destination is -0.038 ns
Info: tco from clock "clk" to destination pin "segm_0[1]" through register "segm_0_cntr[2]" is 7.962 ns
    Info: + Longest clock path from clock "clk" to source register is 2.835 ns
        Info: 1: + IC(0.000 ns) + CELL(1.026 ns) = 1.026 ns; Loc. = PIN_L1; Fanout = 1; CLK Node = 'clk'
        Info: 2: + IC(0.238 ns) + CELL(0.000 ns) = 1.264 ns; Loc. = CLKCTRL_G2; Fanout = 30; COMB Node = 'clk~clkctrl'
        Info: 3: + IC(0.969 ns) + CELL(0.602 ns) = 2.835 ns; Loc. = LCFF_X1_Y20_N13; Fanout = 11; REG Node = 'segm_0_cntr[2]'
        Info: Total cell delay = 1.628 ns ( 57.43 % )
        Info: Total interconnect delay = 1.207 ns ( 42.57 % )
    Info: + Micro clock to output delay of source is 0.277 ns
    Info: + Longest register to pin delay is 4.850 ns
        Info: 1: + IC(0.000 ns) + CELL(0.000 ns) = 0.000 ns; Loc. = LCFF_X1_Y20_N13; Fanout = 11; REG Node = 'segm_0_cntr[2]'
        Info: 2: + IC(0.622 ns) + CELL(0.521 ns) = 1.143 ns; Loc. = LCCOMB_X1_Y20_N2; Fanout = 1; COMB Node = 'bcd_7seg:u1|Mux5~21'
        Info: 3: + IC(0.867 ns) + CELL(2.840 ns) = 4.850 ns; Loc. = PIN_J1; Fanout = 0; PIN Node = 'segm_0[1]'
        Info: Total cell delay = 3.361 ns ( 69.30 % )
        Info: Total interconnect delay = 1.489 ns ( 30.70 % )
Info: Parallel compilation was enabled but no parallel operations were performed
Info: Quartus II Classic Timing Analyzer was successful. 0 errors, 1 warning
    Info: Peak virtual memory: 197 megabytes
    Info: Processing ended: Wed Oct 18 10:56:40 2023
    Info: Elapsed time: 00:00:00
    Info: Total CPU time (on all processors): 00:00:00


